<?xml version="1.0" encoding="UTF-8"?>
<!-- Generated by org.testng.reporters.JUnitXMLReporter -->
<testsuite ignored="0" hostname="DESKTOP-KRH0EH3" failures="0" tests="4" name="chrome" time="2.674" errors="0" timestamp="2023-09-08T12:27:24 IST">
  <testcase classname="ALevelPrograms.A1_Alerts" name="handlingAlerts" time="0.001">
    <skipped/>
  </testcase> <!-- handlingAlerts -->
  <testcase classname="ALevelPrograms.A4_Information_Commands" name="Gmail" time="0.0">
    <skipped/>
  </testcase> <!-- Gmail -->
  <testcase classname="ALevelPrograms.A4_Information_Commands" name="google_image" time="0.0">
    <skipped/>
  </testcase> <!-- google_image -->
  <testcase classname="ALevelPrograms.A4_Information_Commands" name="search_button" time="0.0">
    <skipped/>
  </testcase> <!-- search_button -->
</testsuite> <!-- chrome -->
